<?xml version="1.0" encoding="UTF-8"?>
<!-- Generated by org.testng.reporters.JUnitReportReporter -->
<testsuite skipped="0" hostname="A2ML17907" name="executionClasses.FlipkartLogin" tests="1" failures="0" timestamp="23 Sep 2017 05:42:28 GMT" time="14.012" errors="0">
  <testcase name="demo" time="14.012" classname="executionClasses.FlipkartLogin"/>
</testsuite> <!-- executionClasses.FlipkartLogin -->
