<?xml version="1.0" encoding="UTF-8"?>
<!-- Generated by org.testng.reporters.JUnitReportReporter -->
<testsuite skipped="0" hostname="STPTCNTESTV02" name="executionClasses.Login" tests="1" failures="0" timestamp="19 Apr 2017 13:27:00 GMT" time="18.079" errors="0">
  <testcase name="demo" time="18.079" classname="executionClasses.Login"/>
</testsuite> <!-- executionClasses.Login -->
